This file contains any messages produced by compilers while
running configure, to aid debugging if configure makes a mistake.

It was created by cogl configure 1.21.2, which was
generated by GNU Autoconf 2.69.  Invocation command line was

  $ ./configure --enable-gles2=yes --enable-null-egl-platform=no --enable-xlib-egl-platform=yes --enable-introspection=yes --enable-cogl-gles2=yes --enable-standalone=no --enable-glx=yes --with-gles2-libname=/usr/lib/libGLESv2.so --with-gl-libname=/usr/lib/arm-linux-gnueabihf/libGL.so --with-default-driver=gles2 --enable-gdl-egl-platform=no --enable-wayland-egl-platform=yes

## --------- ##
## Platform. ##
## --------- ##

hostname = OrangePI
uname -m = armv7l
uname -r = 3.4.39-02-lobo
uname -s = Linux
uname -v = #1 SMP PREEMPT Tue Nov 10 10:37:50 CET 2015

/usr/bin/uname -p = unknown
/bin/uname -X     = unknown

/bin/arch              = unknown
/usr/bin/arch -k       = unknown
/usr/convex/getsysinfo = unknown
/usr/bin/hostinfo      = unknown
/bin/machine           = unknown
/usr/bin/oslevel       = unknown
/bin/universe          = unknown

PATH: /home/orangepi/bin
PATH: /usr/local/sbin
PATH: /usr/local/bin
PATH: /usr/sbin
PATH: /usr/bin
PATH: /sbin
PATH: /bin
PATH: /usr/games
PATH: /usr/local/games


## ----------- ##
## Core tests. ##
## ----------- ##

configure:3090: checking for gcc
configure:3106: found /usr/bin/gcc
configure:3117: result: gcc
configure:3346: checking for C compiler version
configure:3355: gcc --version >&5
gcc (Ubuntu/Linaro 4.9.2-10ubuntu13) 4.9.2
Copyright (C) 2014 Free Software Foundation, Inc.
This is free software; see the source for copying conditions.  There is NO
warranty; not even for MERCHANTABILITY or FITNESS FOR A PARTICULAR PURPOSE.

configure:3366: $? = 0
configure:3355: gcc -v >&5
Using built-in specs.
COLLECT_GCC=gcc
COLLECT_LTO_WRAPPER=/usr/lib/gcc/arm-linux-gnueabihf/4.9/lto-wrapper
Target: arm-linux-gnueabihf
Configured with: ../src/configure -v --with-pkgversion='Ubuntu/Linaro 4.9.2-10ubuntu13' --with-bugurl=file:///usr/share/doc/gcc-4.9/README.Bugs --enable-languages=c,c++,java,go,d,fortran,objc,obj-c++ --prefix=/usr --program-suffix=-4.9 --enable-shared --enable-linker-build-id --libexecdir=/usr/lib --without-included-gettext --enable-threads=posix --with-gxx-include-dir=/usr/include/c++/4.9 --libdir=/usr/lib --enable-nls --with-sysroot=/ --enable-clocale=gnu --enable-libstdcxx-debug --enable-libstdcxx-time=yes --enable-gnu-unique-object --disable-libitm --disable-libquadmath --enable-plugin --with-system-zlib --disable-browser-plugin --enable-java-awt=gtk --enable-gtk-cairo --with-java-home=/usr/lib/jvm/java-1.5.0-gcj-4.9-armhf/jre --enable-java-home --with-jvm-root-dir=/usr/lib/jvm/java-1.5.0-gcj-4.9-armhf --with-jvm-jar-dir=/usr/lib/jvm-exports/java-1.5.0-gcj-4.9-armhf --with-arch-directory=arm --with-ecj-jar=/usr/share/java/eclipse-ecj.jar --enable-objc-gc --enable-multiarch --enable-multilib --disable-sjlj-exceptions --with-arch=armv7-a --with-fpu=vfpv3-d16 --with-float=hard --with-mode=thumb --disable-werror --enable-multilib --enable-checking=release --build=arm-linux-gnueabihf --host=arm-linux-gnueabihf --target=arm-linux-gnueabihf
Thread model: posix
gcc version 4.9.2 (Ubuntu/Linaro 4.9.2-10ubuntu13) 
configure:3366: $? = 0
configure:3355: gcc -V >&5
gcc: error: unrecognized command line option '-V'
gcc: fatal error: no input files
compilation terminated.
configure:3366: $? = 4
configure:3355: gcc -qversion >&5
gcc: error: unrecognized command line option '-qversion'
gcc: fatal error: no input files
compilation terminated.
configure:3366: $? = 4
configure:3386: checking whether the C compiler works
configure:3408: gcc    conftest.c  >&5
configure:3412: $? = 0
configure:3460: result: yes
configure:3463: checking for C compiler default output file name
configure:3465: result: a.out
configure:3471: checking for suffix of executables
configure:3478: gcc -o conftest    conftest.c  >&5
configure:3482: $? = 0
configure:3504: result: 
configure:3526: checking whether we are cross compiling
configure:3534: gcc -o conftest    conftest.c  >&5

## ---------------- ##
## Cache variables. ##
## ---------------- ##

ac_cv_env_CCC_set=
ac_cv_env_CCC_value=
ac_cv_env_CC_set=
ac_cv_env_CC_value=
ac_cv_env_CFLAGS_set=
ac_cv_env_CFLAGS_value=
ac_cv_env_COGL_DEP_CFLAGS_set=
ac_cv_env_COGL_DEP_CFLAGS_value=
ac_cv_env_COGL_DEP_GL_CFLAGS_set=
ac_cv_env_COGL_DEP_GL_CFLAGS_value=
ac_cv_env_COGL_DEP_GL_LIBS_set=
ac_cv_env_COGL_DEP_GL_LIBS_value=
ac_cv_env_COGL_DEP_LIBS_set=
ac_cv_env_COGL_DEP_LIBS_value=
ac_cv_env_COGL_GST_DEP_CFLAGS_set=
ac_cv_env_COGL_GST_DEP_CFLAGS_value=
ac_cv_env_COGL_GST_DEP_LIBS_set=
ac_cv_env_COGL_GST_DEP_LIBS_value=
ac_cv_env_COGL_PANGO_DEP_CFLAGS_set=
ac_cv_env_COGL_PANGO_DEP_CFLAGS_value=
ac_cv_env_COGL_PANGO_DEP_LIBS_set=
ac_cv_env_COGL_PANGO_DEP_LIBS_value=
ac_cv_env_CPPFLAGS_set=
ac_cv_env_CPPFLAGS_value=
ac_cv_env_CPP_set=
ac_cv_env_CPP_value=
ac_cv_env_CXXCPP_set=
ac_cv_env_CXXCPP_value=
ac_cv_env_CXXFLAGS_set=
ac_cv_env_CXXFLAGS_value=
ac_cv_env_CXX_set=
ac_cv_env_CXX_value=
ac_cv_env_DUMMY_CFLAGS_set=
ac_cv_env_DUMMY_CFLAGS_value=
ac_cv_env_DUMMY_LIBS_set=
ac_cv_env_DUMMY_LIBS_value=
ac_cv_env_LDFLAGS_set=
ac_cv_env_LDFLAGS_value=
ac_cv_env_LIBS_set=
ac_cv_env_LIBS_value=
ac_cv_env_MIR_CLIENT_CFLAGS_set=
ac_cv_env_MIR_CLIENT_CFLAGS_value=
ac_cv_env_MIR_CLIENT_LIBS_set=
ac_cv_env_MIR_CLIENT_LIBS_value=
ac_cv_env_PKG_CONFIG_LIBDIR_set=
ac_cv_env_PKG_CONFIG_LIBDIR_value=
ac_cv_env_PKG_CONFIG_PATH_set=
ac_cv_env_PKG_CONFIG_PATH_value=
ac_cv_env_PKG_CONFIG_set=
ac_cv_env_PKG_CONFIG_value=
ac_cv_env_SDL2_CFLAGS_set=
ac_cv_env_SDL2_CFLAGS_value=
ac_cv_env_SDL2_LIBS_set=
ac_cv_env_SDL2_LIBS_value=
ac_cv_env_SDL_CFLAGS_set=
ac_cv_env_SDL_CFLAGS_value=
ac_cv_env_SDL_LIBS_set=
ac_cv_env_SDL_LIBS_value=
ac_cv_env_WAYLAND_CLIENT_CFLAGS_set=
ac_cv_env_WAYLAND_CLIENT_CFLAGS_value=
ac_cv_env_WAYLAND_CLIENT_LIBS_set=
ac_cv_env_WAYLAND_CLIENT_LIBS_value=
ac_cv_env_WAYLAND_SERVER_CFLAGS_set=
ac_cv_env_WAYLAND_SERVER_CFLAGS_value=
ac_cv_env_WAYLAND_SERVER_LIBS_set=
ac_cv_env_WAYLAND_SERVER_LIBS_value=
ac_cv_env_XMKMF_set=
ac_cv_env_XMKMF_value=
ac_cv_env_build_alias_set=
ac_cv_env_build_alias_value=
ac_cv_env_host_alias_set=
ac_cv_env_host_alias_value=
ac_cv_env_target_alias_set=
ac_cv_env_target_alias_value=
ac_cv_prog_ac_ct_CC=gcc

## ----------------- ##
## Output variables. ##
## ----------------- ##

ACLOCAL=''
ALL_LINGUAS=''
AMDEPBACKSLASH=''
AMDEP_FALSE=''
AMDEP_TRUE=''
AMTAR=''
AM_BACKSLASH=''
AM_DEFAULT_V=''
AM_DEFAULT_VERBOSITY=''
AM_V=''
AR=''
AUTOCONF=''
AUTOHEADER=''
AUTOMAKE=''
AWK=''
BUILD_COGL_GLES2_FALSE=''
BUILD_COGL_GLES2_TRUE=''
BUILD_COGL_GST_FALSE=''
BUILD_COGL_GST_TRUE=''
BUILD_COGL_PANGO_FALSE=''
BUILD_COGL_PANGO_TRUE=''
BUILD_COGL_PATH_FALSE=''
BUILD_COGL_PATH_TRUE=''
BUILD_GTK_DOC_FALSE=''
BUILD_GTK_DOC_TRUE=''
CAIRO_REQ_VERSION=''
CC='gcc'
CCDEPMODE=''
CFLAGS=''
COGL_1_MICRO_VERSION=''
COGL_1_MINOR_VERSION=''
COGL_1_VERSION=''
COGL_API_VERSION=''
COGL_API_VERSION_AM=''
COGL_DEBUG_CFLAGS=''
COGL_DEFAULT_DRIVER=''
COGL_DEFINES=''
COGL_DEP_CFLAGS=''
COGL_DEP_GL_CFLAGS=''
COGL_DEP_GL_LIBS=''
COGL_DEP_LIBS=''
COGL_DRIVER_GLES_SUPPORTED_FALSE=''
COGL_DRIVER_GLES_SUPPORTED_TRUE=''
COGL_DRIVER_GL_SUPPORTED_FALSE=''
COGL_DRIVER_GL_SUPPORTED_TRUE=''
COGL_EGL_INCLUDES=''
COGL_EXTRA_CFLAGS=''
COGL_EXTRA_LDFLAGS=''
COGL_GLES1_LIBNAME=''
COGL_GLES2_LIBNAME=''
COGL_GL_HEADER_INCLUDES=''
COGL_GL_LIBNAME=''
COGL_GST_DEP_CFLAGS=''
COGL_GST_DEP_LIBS=''
COGL_GST_PKG_REQUIRES=''
COGL_LT_AGE=''
COGL_LT_CURRENT=''
COGL_LT_RELEASE=''
COGL_LT_REVISION=''
COGL_MAJOR_VERSION=''
COGL_MICRO_VERSION=''
COGL_MINOR_VERSION=''
COGL_PANGO_DEP_CFLAGS=''
COGL_PANGO_DEP_LIBS=''
COGL_PANGO_PKG_REQUIRES=''
COGL_PKG_REQUIRES=''
COGL_RELEASE_STATUS=''
COGL_VERSION=''
CPP=''
CPPFLAGS=''
CXX=''
CXXCPP=''
CXXDEPMODE=''
CXXFLAGS=''
CYGPATH_W=''
DEFS=''
DEPDIR=''
DLLTOOL=''
DSYMUTIL=''
DUMMY_CFLAGS=''
DUMMY_LIBS=''
DUMPBIN=''
ECHO_C=''
ECHO_N='-n'
ECHO_T=''
EGREP=''
ENABLE_INSTALLED_TESTS_FALSE=''
ENABLE_INSTALLED_TESTS_TRUE=''
EXEEXT=''
FGREP=''
GDKPIXBUF_PREFIX=''
GDK_PIXBUF_REQ_VERSION=''
GETTEXT_MACRO_VERSION=''
GETTEXT_PACKAGE=''
GI_REQ_VERSION=''
GLIB_BINARY_AGE=''
GLIB_CFLAGS=''
GLIB_COMPILE_RESOURCES=''
GLIB_DEBUG_FLAGS=''
GLIB_GENMARSHAL=''
GLIB_INTERFACE_AGE=''
GLIB_LIBS=''
GLIB_MAJOR_VERSION=''
GLIB_MICRO_VERSION=''
GLIB_MINOR_VERSION=''
GLIB_MKENUMS=''
GLIB_PREFIX=''
GLIB_REQ_VERSION=''
GLIB_VERSION=''
GMSGFMT=''
GMSGFMT_015=''
GOBJECT_QUERY=''
GREP=''
GSTREAMER_PREFIX=''
GTHREAD_COMPILE_IMPL_DEFINES=''
GTK_DOC_REQ_VERSION=''
G_MODULE_BROKEN_RTLD_GLOBAL=''
G_MODULE_HAVE_DLERROR=''
G_MODULE_IMPL=''
G_MODULE_LDFLAGS=''
G_MODULE_LIBS=''
G_MODULE_LIBS_EXTRA=''
G_MODULE_NEED_USCORE=''
G_MODULE_PLUGIN_LIBS=''
G_MODULE_SUPPORTED=''
G_THREAD_CFLAGS=''
G_THREAD_LIBS=''
G_THREAD_LIBS_EXTRA=''
G_THREAD_LIBS_FOR_GTHREAD=''
HAVE_COGL_DEFAULT_DRIVER_FALSE=''
HAVE_COGL_DEFAULT_DRIVER_TRUE=''
HAVE_GL=''
HAVE_GLES1=''
HAVE_GLES2=''
HAVE_INTROSPECTION_FALSE=''
HAVE_INTROSPECTION_TRUE=''
INSTALL_DATA=''
INSTALL_EXAMPLES_FALSE=''
INSTALL_EXAMPLES_TRUE=''
INSTALL_PROGRAM=''
INSTALL_SCRIPT=''
INSTALL_STRIP_PROGRAM=''
INTLLIBS=''
INTL_MACOSX_LIBS=''
INTROSPECTION_CFLAGS=''
INTROSPECTION_COMPILER=''
INTROSPECTION_GENERATE=''
INTROSPECTION_GIRDIR=''
INTROSPECTION_LIBS=''
INTROSPECTION_MAKEFILE=''
INTROSPECTION_SCANNER=''
INTROSPECTION_TYPELIBDIR=''
LD=''
LDFLAGS=''
LIBICONV=''
LIBINTL=''
LIBM=''
LIBOBJS=''
LIBS=''
LIBTOOL=''
LIB_EXE_MACHINE_FLAG=''
LIPO=''
LN_S=''
LTLIBICONV=''
LTLIBINTL=''
LTLIBOBJS=''
MAINTAINER_CFLAGS=''
MAKEINFO=''
MANIFEST_TOOL=''
MIRCLIENT_REQ_VERSION=''
MIR_CLIENT_CFLAGS=''
MIR_CLIENT_LIBS=''
MKDIR_P=''
MSGFMT=''
MSGFMT_015=''
MSGMERGE=''
NM=''
NMEDIT=''
OBJDUMP=''
OBJEXT=''
OS_QUARTZ_FALSE=''
OS_QUARTZ_TRUE=''
OS_WIN32_FALSE=''
OS_WIN32_TRUE=''
OTOOL64=''
OTOOL=''
PACKAGE=''
PACKAGE_BUGREPORT=''
PACKAGE_NAME='cogl'
PACKAGE_STRING='cogl 1.21.2'
PACKAGE_TARNAME='cogl'
PACKAGE_URL=''
PACKAGE_VERSION='1.21.2'
PANGOCAIRO_REQ_VERSION=''
PATH_SEPARATOR=':'
PKG_CONFIG=''
PKG_CONFIG_LIBDIR=''
PKG_CONFIG_PATH=''
POSUB=''
PROFILE_FALSE=''
PROFILE_TRUE=''
RANLIB=''
SDL2_CFLAGS=''
SDL2_LIBS=''
SDL_CFLAGS=''
SDL_LIBS=''
SED=''
SET_MAKE=''
SHELL='/bin/bash'
STRIP=''
SUPPORT_EGL_FALSE=''
SUPPORT_EGL_PLATFORM_ANDROID_FALSE=''
SUPPORT_EGL_PLATFORM_ANDROID_TRUE=''
SUPPORT_EGL_PLATFORM_GDL_FALSE=''
SUPPORT_EGL_PLATFORM_GDL_TRUE=''
SUPPORT_EGL_PLATFORM_KMS_FALSE=''
SUPPORT_EGL_PLATFORM_KMS_TRUE=''
SUPPORT_EGL_PLATFORM_MIR_FALSE=''
SUPPORT_EGL_PLATFORM_MIR_TRUE=''
SUPPORT_EGL_PLATFORM_POWERVR_NULL_FALSE=''
SUPPORT_EGL_PLATFORM_POWERVR_NULL_TRUE=''
SUPPORT_EGL_PLATFORM_WAYLAND_FALSE=''
SUPPORT_EGL_PLATFORM_WAYLAND_TRUE=''
SUPPORT_EGL_PLATFORM_XLIB_FALSE=''
SUPPORT_EGL_PLATFORM_XLIB_TRUE=''
SUPPORT_EGL_TRUE=''
SUPPORT_GLX_FALSE=''
SUPPORT_GLX_TRUE=''
SUPPORT_SDL2_FALSE=''
SUPPORT_SDL2_TRUE=''
SUPPORT_SDL_FALSE=''
SUPPORT_SDL_TRUE=''
SUPPORT_WAYLAND_EGL_SERVER_FALSE=''
SUPPORT_WAYLAND_EGL_SERVER_TRUE=''
SUPPORT_WGL_FALSE=''
SUPPORT_WGL_TRUE=''
SUPPORT_X11_FALSE=''
SUPPORT_X11_TRUE=''
SUPPORT_XLIB_FALSE=''
SUPPORT_XLIB_TRUE=''
UNIT_TESTS_FALSE=''
UNIT_TESTS_TRUE=''
UPROF_REQ_VERSION=''
USE_GLIB_FALSE=''
USE_GLIB_TRUE=''
USE_NLS=''
USING_EMSCRIPTEN_FALSE=''
USING_EMSCRIPTEN_TRUE=''
VERSION=''
WAYLAND_CLIENT_CFLAGS=''
WAYLAND_CLIENT_LIBS=''
WAYLAND_REQ_VERSION=''
WAYLAND_SERVER_CFLAGS=''
WAYLAND_SERVER_LIBS=''
WAYLAND_SERVER_REQ_VERSION=''
X11_TESTS_FALSE=''
X11_TESTS_TRUE=''
XCOMPOSITE_REQ_VERSION=''
XFIXES_REQ_VERSION=''
XGETTEXT=''
XGETTEXT_015=''
XGETTEXT_EXTRA_OPTIONS=''
XMKMF=''
ac_ct_AR=''
ac_ct_CC='gcc'
ac_ct_CXX=''
ac_ct_DUMPBIN=''
am__EXEEXT_FALSE=''
am__EXEEXT_TRUE=''
am__fastdepCC_FALSE=''
am__fastdepCC_TRUE=''
am__fastdepCXX_FALSE=''
am__fastdepCXX_TRUE=''
am__include=''
am__isrc=''
am__leading_dot=''
am__nodep=''
am__quote=''
am__tar=''
am__untar=''
bindir='${exec_prefix}/bin'
build=''
build_alias=''
build_cpu=''
build_os=''
build_vendor=''
datadir='${datarootdir}'
datarootdir='${prefix}/share'
docdir='${datarootdir}/doc/${PACKAGE_TARNAME}'
dvidir='${docdir}'
exec_prefix='NONE'
host=''
host_alias=''
host_cpu=''
host_os=''
host_vendor=''
htmldir='${docdir}'
includedir='${prefix}/include'
infodir='${datarootdir}/info'
install_sh=''
libdir='${exec_prefix}/lib'
libexecdir='${exec_prefix}/libexec'
localedir='${datarootdir}/locale'
localstatedir='${prefix}/var'
mandir='${datarootdir}/man'
mkdir_p=''
oldincludedir='/usr/include'
pdfdir='${docdir}'
plugindir=''
prefix='NONE'
program_transform_name='s,x,x,'
psdir='${docdir}'
sbindir='${exec_prefix}/sbin'
sharedstatedir='${prefix}/com'
sysconfdir='${prefix}/etc'
target_alias=''

## ----------- ##
## confdefs.h. ##
## ----------- ##

/* confdefs.h */
#define PACKAGE_NAME "cogl"
#define PACKAGE_TARNAME "cogl"
#define PACKAGE_VERSION "1.21.2"
#define PACKAGE_STRING "cogl 1.21.2"
#define PACKAGE_BUGREPORT ""
#define PACKAGE_URL ""

configure: caught signal 2
configure: exit 1
